[2021-07-19 17:55:49] local.ERROR: There are no commands defined in the "webscokets" namespace.

Did you mean this?
    websockets {"exception":"[object] (Symfony\\Component\\Console\\Exception\\NamespaceNotFoundException(code: 0): There are no commands defined in the \"webscokets\" namespace.

Did you mean this?
    websockets at /home/leang/Rupp/chat-cha-backend/vendor/symfony/console/Application.php:612)
[stacktrace]
#0 /home/leang/Rupp/chat-cha-backend/vendor/symfony/console/Application.php(663): Symfony\\Component\\Console\\Application->findNamespace()
#1 /home/leang/Rupp/chat-cha-backend/vendor/symfony/console/Application.php(255): Symfony\\Component\\Console\\Application->find()
#2 /home/leang/Rupp/chat-cha-backend/vendor/symfony/console/Application.php(167): Symfony\\Component\\Console\\Application->doRun()
#3 /home/leang/Rupp/chat-cha-backend/vendor/laravel/framework/src/Illuminate/Console/Application.php(92): Symfony\\Component\\Console\\Application->run()
#4 /home/leang/Rupp/chat-cha-backend/vendor/laravel/framework/src/Illuminate/Foundation/Console/Kernel.php(129): Illuminate\\Console\\Application->run()
#5 /home/leang/Rupp/chat-cha-backend/artisan(37): Illuminate\\Foundation\\Console\\Kernel->handle()
#6 {main}
"} 
[2021-07-19 19:03:57] local.ERROR: syntax error, unexpected token "/", expecting "]" {"exception":"[object] (ParseError(code: 0): syntax error, unexpected token \"/\", expecting \"]\" at /home/leang/Rupp/chat-cha-backend/vendor/laravel/sanctum/src/Http/Middleware/EnsureFrontendRequestsAreStateful.php:28)
[stacktrace]
#0 /home/leang/Rupp/chat-cha-backend/vendor/composer/ClassLoader.php(346): Composer\\Autoload\\includeFile()
#1 [internal function]: Composer\\Autoload\\ClassLoader->loadClass()
#2 /home/leang/Rupp/chat-cha-backend/vendor/laravel/framework/src/Illuminate/Container/Container.php(873): ReflectionClass->__construct()
#3 /home/leang/Rupp/chat-cha-backend/vendor/laravel/framework/src/Illuminate/Container/Container.php(754): Illuminate\\Container\\Container->build()
#4 /home/leang/Rupp/chat-cha-backend/vendor/laravel/framework/src/Illuminate/Foundation/Application.php(841): Illuminate\\Container\\Container->resolve()
#5 /home/leang/Rupp/chat-cha-backend/vendor/laravel/framework/src/Illuminate/Container/Container.php(692): Illuminate\\Foundation\\Application->resolve()
#6 /home/leang/Rupp/chat-cha-backend/vendor/laravel/framework/src/Illuminate/Foundation/Application.php(826): Illuminate\\Container\\Container->make()
#7 /home/leang/Rupp/chat-cha-backend/vendor/laravel/framework/src/Illuminate/Pipeline/Pipeline.php(156): Illuminate\\Foundation\\Application->make()
#8 /home/leang/Rupp/chat-cha-backend/vendor/laravel/framework/src/Illuminate/Pipeline/Pipeline.php(103): Illuminate\\Pipeline\\Pipeline->Illuminate\\Pipeline\\{closure}()
#9 /home/leang/Rupp/chat-cha-backend/vendor/laravel/framework/src/Illuminate/Routing/Router.php(697): Illuminate\\Pipeline\\Pipeline->then()
#10 /home/leang/Rupp/chat-cha-backend/vendor/laravel/framework/src/Illuminate/Routing/Router.php(672): Illuminate\\Routing\\Router->runRouteWithinStack()
#11 /home/leang/Rupp/chat-cha-backend/vendor/laravel/framework/src/Illuminate/Routing/Router.php(636): Illuminate\\Routing\\Router->runRoute()
#12 /home/leang/Rupp/chat-cha-backend/vendor/laravel/framework/src/Illuminate/Routing/Router.php(625): Illuminate\\Routing\\Router->dispatchToRoute()
#13 /home/leang/Rupp/chat-cha-backend/vendor/laravel/framework/src/Illuminate/Foundation/Http/Kernel.php(166): Illuminate\\Routing\\Router->dispatch()
#14 /home/leang/Rupp/chat-cha-backend/vendor/laravel/framework/src/Illuminate/Pipeline/Pipeline.php(128): Illuminate\\Foundation\\Http\\Kernel->Illuminate\\Foundation\\Http\\{closure}()
#15 /home/leang/Rupp/chat-cha-backend/vendor/laravel/framework/src/Illuminate/Foundation/Http/Middleware/TransformsRequest.php(21): Illuminate\\Pipeline\\Pipeline->Illuminate\\Pipeline\\{closure}()
#16 /home/leang/Rupp/chat-cha-backend/vendor/laravel/framework/src/Illuminate/Foundation/Http/Middleware/ConvertEmptyStringsToNull.php(31): Illuminate\\Foundation\\Http\\Middleware\\TransformsRequest->handle()
#17 /home/leang/Rupp/chat-cha-backend/vendor/laravel/framework/src/Illuminate/Pipeline/Pipeline.php(167): Illuminate\\Foundation\\Http\\Middleware\\ConvertEmptyStringsToNull->handle()
#18 /home/leang/Rupp/chat-cha-backend/vendor/laravel/framework/src/Illuminate/Foundation/Http/Middleware/TransformsRequest.php(21): Illuminate\\Pipeline\\Pipeline->Illuminate\\Pipeline\\{closure}()
#19 /home/leang/Rupp/chat-cha-backend/vendor/laravel/framework/src/Illuminate/Foundation/Http/Middleware/TrimStrings.php(40): Illuminate\\Foundation\\Http\\Middleware\\TransformsRequest->handle()
#20 /home/leang/Rupp/chat-cha-backend/vendor/laravel/framework/src/Illuminate/Pipeline/Pipeline.php(167): Illuminate\\Foundation\\Http\\Middleware\\TrimStrings->handle()
#21 /home/leang/Rupp/chat-cha-backend/vendor/laravel/framework/src/Illuminate/Foundation/Http/Middleware/ValidatePostSize.php(27): Illuminate\\Pipeline\\Pipeline->Illuminate\\Pipeline\\{closure}()
#22 /home/leang/Rupp/chat-cha-backend/vendor/laravel/framework/src/Illuminate/Pipeline/Pipeline.php(167): Illuminate\\Foundation\\Http\\Middleware\\ValidatePostSize->handle()
#23 /home/leang/Rupp/chat-cha-backend/vendor/laravel/framework/src/Illuminate/Foundation/Http/Middleware/PreventRequestsDuringMaintenance.php(86): Illuminate\\Pipeline\\Pipeline->Illuminate\\Pipeline\\{closure}()
#24 /home/leang/Rupp/chat-cha-backend/vendor/laravel/framework/src/Illuminate/Pipeline/Pipeline.php(167): Illuminate\\Foundation\\Http\\Middleware\\PreventRequestsDuringMaintenance->handle()
#25 /home/leang/Rupp/chat-cha-backend/vendor/fruitcake/laravel-cors/src/HandleCors.php(52): Illuminate\\Pipeline\\Pipeline->Illuminate\\Pipeline\\{closure}()
#26 /home/leang/Rupp/chat-cha-backend/vendor/laravel/framework/src/Illuminate/Pipeline/Pipeline.php(167): Fruitcake\\Cors\\HandleCors->handle()
#27 /home/leang/Rupp/chat-cha-backend/vendor/fideloper/proxy/src/TrustProxies.php(57): Illuminate\\Pipeline\\Pipeline->Illuminate\\Pipeline\\{closure}()
#28 /home/leang/Rupp/chat-cha-backend/vendor/laravel/framework/src/Illuminate/Pipeline/Pipeline.php(167): Fideloper\\Proxy\\TrustProxies->handle()
#29 /home/leang/Rupp/chat-cha-backend/vendor/laravel/framework/src/Illuminate/Pipeline/Pipeline.php(103): Illuminate\\Pipeline\\Pipeline->Illuminate\\Pipeline\\{closure}()
#30 /home/leang/Rupp/chat-cha-backend/vendor/laravel/framework/src/Illuminate/Foundation/Http/Kernel.php(141): Illuminate\\Pipeline\\Pipeline->then()
#31 /home/leang/Rupp/chat-cha-backend/vendor/laravel/framework/src/Illuminate/Foundation/Http/Kernel.php(110): Illuminate\\Foundation\\Http\\Kernel->sendRequestThroughRouter()
#32 /home/leang/Rupp/chat-cha-backend/public/index.php(52): Illuminate\\Foundation\\Http\\Kernel->handle()
#33 /home/leang/Rupp/chat-cha-backend/server.php(21): require_once('...')
#34 {main}
"} 
[2021-07-19 19:03:57] local.ERROR: syntax error, unexpected token "/", expecting "]" {"exception":"[object] (ParseError(code: 0): syntax error, unexpected token \"/\", expecting \"]\" at /home/leang/Rupp/chat-cha-backend/vendor/laravel/sanctum/src/Http/Middleware/EnsureFrontendRequestsAreStateful.php:28)
[stacktrace]
#0 /home/leang/Rupp/chat-cha-backend/vendor/composer/ClassLoader.php(346): Composer\\Autoload\\includeFile()
#1 [internal function]: Composer\\Autoload\\ClassLoader->loadClass()
#2 /home/leang/Rupp/chat-cha-backend/vendor/laravel/framework/src/Illuminate/Container/Container.php(873): ReflectionClass->__construct()
#3 /home/leang/Rupp/chat-cha-backend/vendor/laravel/framework/src/Illuminate/Container/Container.php(754): Illuminate\\Container\\Container->build()
#4 /home/leang/Rupp/chat-cha-backend/vendor/laravel/framework/src/Illuminate/Foundation/Application.php(841): Illuminate\\Container\\Container->resolve()
#5 /home/leang/Rupp/chat-cha-backend/vendor/laravel/framework/src/Illuminate/Container/Container.php(692): Illuminate\\Foundation\\Application->resolve()
#6 /home/leang/Rupp/chat-cha-backend/vendor/laravel/framework/src/Illuminate/Foundation/Application.php(826): Illuminate\\Container\\Container->make()
#7 /home/leang/Rupp/chat-cha-backend/vendor/laravel/framework/src/Illuminate/Foundation/Http/Kernel.php(205): Illuminate\\Foundation\\Application->make()
#8 /home/leang/Rupp/chat-cha-backend/vendor/laravel/framework/src/Illuminate/Foundation/Http/Kernel.php(179): Illuminate\\Foundation\\Http\\Kernel->terminateMiddleware()
#9 /home/leang/Rupp/chat-cha-backend/public/index.php(55): Illuminate\\Foundation\\Http\\Kernel->terminate()
#10 /home/leang/Rupp/chat-cha-backend/server.php(21): require_once('...')
#11 {main}
"} 
[2021-07-19 19:04:00] local.ERROR: syntax error, unexpected token "/", expecting "]" {"exception":"[object] (ParseError(code: 0): syntax error, unexpected token \"/\", expecting \"]\" at /home/leang/Rupp/chat-cha-backend/vendor/laravel/sanctum/src/Http/Middleware/EnsureFrontendRequestsAreStateful.php:28)
[stacktrace]
#0 /home/leang/Rupp/chat-cha-backend/vendor/composer/ClassLoader.php(346): Composer\\Autoload\\includeFile()
#1 [internal function]: Composer\\Autoload\\ClassLoader->loadClass()
#2 /home/leang/Rupp/chat-cha-backend/vendor/laravel/framework/src/Illuminate/Container/Container.php(873): ReflectionClass->__construct()
#3 /home/leang/Rupp/chat-cha-backend/vendor/laravel/framework/src/Illuminate/Container/Container.php(754): Illuminate\\Container\\Container->build()
#4 /home/leang/Rupp/chat-cha-backend/vendor/laravel/framework/src/Illuminate/Foundation/Application.php(841): Illuminate\\Container\\Container->resolve()
#5 /home/leang/Rupp/chat-cha-backend/vendor/laravel/framework/src/Illuminate/Container/Container.php(692): Illuminate\\Foundation\\Application->resolve()
#6 /home/leang/Rupp/chat-cha-backend/vendor/laravel/framework/src/Illuminate/Foundation/Application.php(826): Illuminate\\Container\\Container->make()
#7 /home/leang/Rupp/chat-cha-backend/vendor/laravel/framework/src/Illuminate/Pipeline/Pipeline.php(156): Illuminate\\Foundation\\Application->make()
#8 /home/leang/Rupp/chat-cha-backend/vendor/laravel/framework/src/Illuminate/Pipeline/Pipeline.php(103): Illuminate\\Pipeline\\Pipeline->Illuminate\\Pipeline\\{closure}()
#9 /home/leang/Rupp/chat-cha-backend/vendor/laravel/framework/src/Illuminate/Routing/Router.php(697): Illuminate\\Pipeline\\Pipeline->then()
#10 /home/leang/Rupp/chat-cha-backend/vendor/laravel/framework/src/Illuminate/Routing/Router.php(672): Illuminate\\Routing\\Router->runRouteWithinStack()
#11 /home/leang/Rupp/chat-cha-backend/vendor/laravel/framework/src/Illuminate/Routing/Router.php(636): Illuminate\\Routing\\Router->runRoute()
#12 /home/leang/Rupp/chat-cha-backend/vendor/laravel/framework/src/Illuminate/Routing/Router.php(625): Illuminate\\Routing\\Router->dispatchToRoute()
#13 /home/leang/Rupp/chat-cha-backend/vendor/laravel/framework/src/Illuminate/Foundation/Http/Kernel.php(166): Illuminate\\Routing\\Router->dispatch()
#14 /home/leang/Rupp/chat-cha-backend/vendor/laravel/framework/src/Illuminate/Pipeline/Pipeline.php(128): Illuminate\\Foundation\\Http\\Kernel->Illuminate\\Foundation\\Http\\{closure}()
#15 /home/leang/Rupp/chat-cha-backend/vendor/laravel/framework/src/Illuminate/Foundation/Http/Middleware/TransformsRequest.php(21): Illuminate\\Pipeline\\Pipeline->Illuminate\\Pipeline\\{closure}()
#16 /home/leang/Rupp/chat-cha-backend/vendor/laravel/framework/src/Illuminate/Foundation/Http/Middleware/ConvertEmptyStringsToNull.php(31): Illuminate\\Foundation\\Http\\Middleware\\TransformsRequest->handle()
#17 /home/leang/Rupp/chat-cha-backend/vendor/laravel/framework/src/Illuminate/Pipeline/Pipeline.php(167): Illuminate\\Foundation\\Http\\Middleware\\ConvertEmptyStringsToNull->handle()
#18 /home/leang/Rupp/chat-cha-backend/vendor/laravel/framework/src/Illuminate/Foundation/Http/Middleware/TransformsRequest.php(21): Illuminate\\Pipeline\\Pipeline->Illuminate\\Pipeline\\{closure}()
#19 /home/leang/Rupp/chat-cha-backend/vendor/laravel/framework/src/Illuminate/Foundation/Http/Middleware/TrimStrings.php(40): Illuminate\\Foundation\\Http\\Middleware\\TransformsRequest->handle()
#20 /home/leang/Rupp/chat-cha-backend/vendor/laravel/framework/src/Illuminate/Pipeline/Pipeline.php(167): Illuminate\\Foundation\\Http\\Middleware\\TrimStrings->handle()
#21 /home/leang/Rupp/chat-cha-backend/vendor/laravel/framework/src/Illuminate/Foundation/Http/Middleware/ValidatePostSize.php(27): Illuminate\\Pipeline\\Pipeline->Illuminate\\Pipeline\\{closure}()
#22 /home/leang/Rupp/chat-cha-backend/vendor/laravel/framework/src/Illuminate/Pipeline/Pipeline.php(167): Illuminate\\Foundation\\Http\\Middleware\\ValidatePostSize->handle()
#23 /home/leang/Rupp/chat-cha-backend/vendor/laravel/framework/src/Illuminate/Foundation/Http/Middleware/PreventRequestsDuringMaintenance.php(86): Illuminate\\Pipeline\\Pipeline->Illuminate\\Pipeline\\{closure}()
#24 /home/leang/Rupp/chat-cha-backend/vendor/laravel/framework/src/Illuminate/Pipeline/Pipeline.php(167): Illuminate\\Foundation\\Http\\Middleware\\PreventRequestsDuringMaintenance->handle()
#25 /home/leang/Rupp/chat-cha-backend/vendor/fruitcake/laravel-cors/src/HandleCors.php(52): Illuminate\\Pipeline\\Pipeline->Illuminate\\Pipeline\\{closure}()
#26 /home/leang/Rupp/chat-cha-backend/vendor/laravel/framework/src/Illuminate/Pipeline/Pipeline.php(167): Fruitcake\\Cors\\HandleCors->handle()
#27 /home/leang/Rupp/chat-cha-backend/vendor/fideloper/proxy/src/TrustProxies.php(57): Illuminate\\Pipeline\\Pipeline->Illuminate\\Pipeline\\{closure}()
#28 /home/leang/Rupp/chat-cha-backend/vendor/laravel/framework/src/Illuminate/Pipeline/Pipeline.php(167): Fideloper\\Proxy\\TrustProxies->handle()
#29 /home/leang/Rupp/chat-cha-backend/vendor/laravel/framework/src/Illuminate/Pipeline/Pipeline.php(103): Illuminate\\Pipeline\\Pipeline->Illuminate\\Pipeline\\{closure}()
#30 /home/leang/Rupp/chat-cha-backend/vendor/laravel/framework/src/Illuminate/Foundation/Http/Kernel.php(141): Illuminate\\Pipeline\\Pipeline->then()
#31 /home/leang/Rupp/chat-cha-backend/vendor/laravel/framework/src/Illuminate/Foundation/Http/Kernel.php(110): Illuminate\\Foundation\\Http\\Kernel->sendRequestThroughRouter()
#32 /home/leang/Rupp/chat-cha-backend/public/index.php(52): Illuminate\\Foundation\\Http\\Kernel->handle()
#33 /home/leang/Rupp/chat-cha-backend/server.php(21): require_once('...')
#34 {main}
"} 
[2021-07-19 19:04:00] local.ERROR: syntax error, unexpected token "/", expecting "]" {"exception":"[object] (ParseError(code: 0): syntax error, unexpected token \"/\", expecting \"]\" at /home/leang/Rupp/chat-cha-backend/vendor/laravel/sanctum/src/Http/Middleware/EnsureFrontendRequestsAreStateful.php:28)
[stacktrace]
#0 /home/leang/Rupp/chat-cha-backend/vendor/composer/ClassLoader.php(346): Composer\\Autoload\\includeFile()
#1 [internal function]: Composer\\Autoload\\ClassLoader->loadClass()
#2 /home/leang/Rupp/chat-cha-backend/vendor/laravel/framework/src/Illuminate/Container/Container.php(873): ReflectionClass->__construct()
#3 /home/leang/Rupp/chat-cha-backend/vendor/laravel/framework/src/Illuminate/Container/Container.php(754): Illuminate\\Container\\Container->build()
#4 /home/leang/Rupp/chat-cha-backend/vendor/laravel/framework/src/Illuminate/Foundation/Application.php(841): Illuminate\\Container\\Container->resolve()
#5 /home/leang/Rupp/chat-cha-backend/vendor/laravel/framework/src/Illuminate/Container/Container.php(692): Illuminate\\Foundation\\Application->resolve()
#6 /home/leang/Rupp/chat-cha-backend/vendor/laravel/framework/src/Illuminate/Foundation/Application.php(826): Illuminate\\Container\\Container->make()
#7 /home/leang/Rupp/chat-cha-backend/vendor/laravel/framework/src/Illuminate/Foundation/Http/Kernel.php(205): Illuminate\\Foundation\\Application->make()
#8 /home/leang/Rupp/chat-cha-backend/vendor/laravel/framework/src/Illuminate/Foundation/Http/Kernel.php(179): Illuminate\\Foundation\\Http\\Kernel->terminateMiddleware()
#9 /home/leang/Rupp/chat-cha-backend/public/index.php(55): Illuminate\\Foundation\\Http\\Kernel->terminate()
#10 /home/leang/Rupp/chat-cha-backend/server.php(21): require_once('...')
#11 {main}
"} 
[2021-07-19 19:04:54] local.ERROR: syntax error, unexpected token "/", expecting "]" {"exception":"[object] (ParseError(code: 0): syntax error, unexpected token \"/\", expecting \"]\" at /home/leang/Rupp/chat-cha-backend/vendor/laravel/sanctum/src/Http/Middleware/EnsureFrontendRequestsAreStateful.php:28)
[stacktrace]
#0 /home/leang/Rupp/chat-cha-backend/vendor/composer/ClassLoader.php(346): Composer\\Autoload\\includeFile()
#1 [internal function]: Composer\\Autoload\\ClassLoader->loadClass()
#2 /home/leang/Rupp/chat-cha-backend/vendor/laravel/framework/src/Illuminate/Container/Container.php(873): ReflectionClass->__construct()
#3 /home/leang/Rupp/chat-cha-backend/vendor/laravel/framework/src/Illuminate/Container/Container.php(754): Illuminate\\Container\\Container->build()
#4 /home/leang/Rupp/chat-cha-backend/vendor/laravel/framework/src/Illuminate/Foundation/Application.php(841): Illuminate\\Container\\Container->resolve()
#5 /home/leang/Rupp/chat-cha-backend/vendor/laravel/framework/src/Illuminate/Container/Container.php(692): Illuminate\\Foundation\\Application->resolve()
#6 /home/leang/Rupp/chat-cha-backend/vendor/laravel/framework/src/Illuminate/Foundation/Application.php(826): Illuminate\\Container\\Container->make()
#7 /home/leang/Rupp/chat-cha-backend/vendor/laravel/framework/src/Illuminate/Pipeline/Pipeline.php(156): Illuminate\\Foundation\\Application->make()
#8 /home/leang/Rupp/chat-cha-backend/vendor/laravel/framework/src/Illuminate/Pipeline/Pipeline.php(103): Illuminate\\Pipeline\\Pipeline->Illuminate\\Pipeline\\{closure}()
#9 /home/leang/Rupp/chat-cha-backend/vendor/laravel/framework/src/Illuminate/Routing/Router.php(697): Illuminate\\Pipeline\\Pipeline->then()
#10 /home/leang/Rupp/chat-cha-backend/vendor/laravel/framework/src/Illuminate/Routing/Router.php(672): Illuminate\\Routing\\Router->runRouteWithinStack()
#11 /home/leang/Rupp/chat-cha-backend/vendor/laravel/framework/src/Illuminate/Routing/Router.php(636): Illuminate\\Routing\\Router->runRoute()
#12 /home/leang/Rupp/chat-cha-backend/vendor/laravel/framework/src/Illuminate/Routing/Router.php(625): Illuminate\\Routing\\Router->dispatchToRoute()
#13 /home/leang/Rupp/chat-cha-backend/vendor/laravel/framework/src/Illuminate/Foundation/Http/Kernel.php(166): Illuminate\\Routing\\Router->dispatch()
#14 /home/leang/Rupp/chat-cha-backend/vendor/laravel/framework/src/Illuminate/Pipeline/Pipeline.php(128): Illuminate\\Foundation\\Http\\Kernel->Illuminate\\Foundation\\Http\\{closure}()
#15 /home/leang/Rupp/chat-cha-backend/vendor/laravel/framework/src/Illuminate/Foundation/Http/Middleware/TransformsRequest.php(21): Illuminate\\Pipeline\\Pipeline->Illuminate\\Pipeline\\{closure}()
#16 /home/leang/Rupp/chat-cha-backend/vendor/laravel/framework/src/Illuminate/Foundation/Http/Middleware/ConvertEmptyStringsToNull.php(31): Illuminate\\Foundation\\Http\\Middleware\\TransformsRequest->handle()
#17 /home/leang/Rupp/chat-cha-backend/vendor/laravel/framework/src/Illuminate/Pipeline/Pipeline.php(167): Illuminate\\Foundation\\Http\\Middleware\\ConvertEmptyStringsToNull->handle()
#18 /home/leang/Rupp/chat-cha-backend/vendor/laravel/framework/src/Illuminate/Foundation/Http/Middleware/TransformsRequest.php(21): Illuminate\\Pipeline\\Pipeline->Illuminate\\Pipeline\\{closure}()
#19 /home/leang/Rupp/chat-cha-backend/vendor/laravel/framework/src/Illuminate/Foundation/Http/Middleware/TrimStrings.php(40): Illuminate\\Foundation\\Http\\Middleware\\TransformsRequest->handle()
#20 /home/leang/Rupp/chat-cha-backend/vendor/laravel/framework/src/Illuminate/Pipeline/Pipeline.php(167): Illuminate\\Foundation\\Http\\Middleware\\TrimStrings->handle()
#21 /home/leang/Rupp/chat-cha-backend/vendor/laravel/framework/src/Illuminate/Foundation/Http/Middleware/ValidatePostSize.php(27): Illuminate\\Pipeline\\Pipeline->Illuminate\\Pipeline\\{closure}()
#22 /home/leang/Rupp/chat-cha-backend/vendor/laravel/framework/src/Illuminate/Pipeline/Pipeline.php(167): Illuminate\\Foundation\\Http\\Middleware\\ValidatePostSize->handle()
#23 /home/leang/Rupp/chat-cha-backend/vendor/laravel/framework/src/Illuminate/Foundation/Http/Middleware/PreventRequestsDuringMaintenance.php(86): Illuminate\\Pipeline\\Pipeline->Illuminate\\Pipeline\\{closure}()
#24 /home/leang/Rupp/chat-cha-backend/vendor/laravel/framework/src/Illuminate/Pipeline/Pipeline.php(167): Illuminate\\Foundation\\Http\\Middleware\\PreventRequestsDuringMaintenance->handle()
#25 /home/leang/Rupp/chat-cha-backend/vendor/fruitcake/laravel-cors/src/HandleCors.php(52): Illuminate\\Pipeline\\Pipeline->Illuminate\\Pipeline\\{closure}()
#26 /home/leang/Rupp/chat-cha-backend/vendor/laravel/framework/src/Illuminate/Pipeline/Pipeline.php(167): Fruitcake\\Cors\\HandleCors->handle()
#27 /home/leang/Rupp/chat-cha-backend/vendor/fideloper/proxy/src/TrustProxies.php(57): Illuminate\\Pipeline\\Pipeline->Illuminate\\Pipeline\\{closure}()
#28 /home/leang/Rupp/chat-cha-backend/vendor/laravel/framework/src/Illuminate/Pipeline/Pipeline.php(167): Fideloper\\Proxy\\TrustProxies->handle()
#29 /home/leang/Rupp/chat-cha-backend/vendor/laravel/framework/src/Illuminate/Pipeline/Pipeline.php(103): Illuminate\\Pipeline\\Pipeline->Illuminate\\Pipeline\\{closure}()
#30 /home/leang/Rupp/chat-cha-backend/vendor/laravel/framework/src/Illuminate/Foundation/Http/Kernel.php(141): Illuminate\\Pipeline\\Pipeline->then()
#31 /home/leang/Rupp/chat-cha-backend/vendor/laravel/framework/src/Illuminate/Foundation/Http/Kernel.php(110): Illuminate\\Foundation\\Http\\Kernel->sendRequestThroughRouter()
#32 /home/leang/Rupp/chat-cha-backend/public/index.php(52): Illuminate\\Foundation\\Http\\Kernel->handle()
#33 /home/leang/Rupp/chat-cha-backend/server.php(21): require_once('...')
#34 {main}
"} 
[2021-07-19 19:04:54] local.ERROR: syntax error, unexpected token "/", expecting "]" {"exception":"[object] (ParseError(code: 0): syntax error, unexpected token \"/\", expecting \"]\" at /home/leang/Rupp/chat-cha-backend/vendor/laravel/sanctum/src/Http/Middleware/EnsureFrontendRequestsAreStateful.php:28)
[stacktrace]
#0 /home/leang/Rupp/chat-cha-backend/vendor/composer/ClassLoader.php(346): Composer\\Autoload\\includeFile()
#1 [internal function]: Composer\\Autoload\\ClassLoader->loadClass()
#2 /home/leang/Rupp/chat-cha-backend/vendor/laravel/framework/src/Illuminate/Container/Container.php(873): ReflectionClass->__construct()
#3 /home/leang/Rupp/chat-cha-backend/vendor/laravel/framework/src/Illuminate/Container/Container.php(754): Illuminate\\Container\\Container->build()
#4 /home/leang/Rupp/chat-cha-backend/vendor/laravel/framework/src/Illuminate/Foundation/Application.php(841): Illuminate\\Container\\Container->resolve()
#5 /home/leang/Rupp/chat-cha-backend/vendor/laravel/framework/src/Illuminate/Container/Container.php(692): Illuminate\\Foundation\\Application->resolve()
#6 /home/leang/Rupp/chat-cha-backend/vendor/laravel/framework/src/Illuminate/Foundation/Application.php(826): Illuminate\\Container\\Container->make()
#7 /home/leang/Rupp/chat-cha-backend/vendor/laravel/framework/src/Illuminate/Foundation/Http/Kernel.php(205): Illuminate\\Foundation\\Application->make()
#8 /home/leang/Rupp/chat-cha-backend/vendor/laravel/framework/src/Illuminate/Foundation/Http/Kernel.php(179): Illuminate\\Foundation\\Http\\Kernel->terminateMiddleware()
#9 /home/leang/Rupp/chat-cha-backend/public/index.php(55): Illuminate\\Foundation\\Http\\Kernel->terminate()
#10 /home/leang/Rupp/chat-cha-backend/server.php(21): require_once('...')
#11 {main}
"} 
[2021-07-19 19:04:54] local.ERROR: syntax error, unexpected token "/", expecting "]" {"exception":"[object] (ParseError(code: 0): syntax error, unexpected token \"/\", expecting \"]\" at /home/leang/Rupp/chat-cha-backend/vendor/laravel/sanctum/src/Http/Middleware/EnsureFrontendRequestsAreStateful.php:28)
[stacktrace]
#0 /home/leang/Rupp/chat-cha-backend/vendor/composer/ClassLoader.php(346): Composer\\Autoload\\includeFile()
#1 [internal function]: Composer\\Autoload\\ClassLoader->loadClass()
#2 /home/leang/Rupp/chat-cha-backend/vendor/laravel/framework/src/Illuminate/Container/Container.php(873): ReflectionClass->__construct()
#3 /home/leang/Rupp/chat-cha-backend/vendor/laravel/framework/src/Illuminate/Container/Container.php(754): Illuminate\\Container\\Container->build()
#4 /home/leang/Rupp/chat-cha-backend/vendor/laravel/framework/src/Illuminate/Foundation/Application.php(841): Illuminate\\Container\\Container->resolve()
#5 /home/leang/Rupp/chat-cha-backend/vendor/laravel/framework/src/Illuminate/Container/Container.php(692): Illuminate\\Foundation\\Application->resolve()
#6 /home/leang/Rupp/chat-cha-backend/vendor/laravel/framework/src/Illuminate/Foundation/Application.php(826): Illuminate\\Container\\Container->make()
#7 /home/leang/Rupp/chat-cha-backend/vendor/laravel/framework/src/Illuminate/Pipeline/Pipeline.php(156): Illuminate\\Foundation\\Application->make()
#8 /home/leang/Rupp/chat-cha-backend/vendor/laravel/framework/src/Illuminate/Pipeline/Pipeline.php(103): Illuminate\\Pipeline\\Pipeline->Illuminate\\Pipeline\\{closure}()
#9 /home/leang/Rupp/chat-cha-backend/vendor/laravel/framework/src/Illuminate/Routing/Router.php(697): Illuminate\\Pipeline\\Pipeline->then()
#10 /home/leang/Rupp/chat-cha-backend/vendor/laravel/framework/src/Illuminate/Routing/Router.php(672): Illuminate\\Routing\\Router->runRouteWithinStack()
#11 /home/leang/Rupp/chat-cha-backend/vendor/laravel/framework/src/Illuminate/Routing/Router.php(636): Illuminate\\Routing\\Router->runRoute()
#12 /home/leang/Rupp/chat-cha-backend/vendor/laravel/framework/src/Illuminate/Routing/Router.php(625): Illuminate\\Routing\\Router->dispatchToRoute()
#13 /home/leang/Rupp/chat-cha-backend/vendor/laravel/framework/src/Illuminate/Foundation/Http/Kernel.php(166): Illuminate\\Routing\\Router->dispatch()
#14 /home/leang/Rupp/chat-cha-backend/vendor/laravel/framework/src/Illuminate/Pipeline/Pipeline.php(128): Illuminate\\Foundation\\Http\\Kernel->Illuminate\\Foundation\\Http\\{closure}()
#15 /home/leang/Rupp/chat-cha-backend/vendor/laravel/framework/src/Illuminate/Foundation/Http/Middleware/TransformsRequest.php(21): Illuminate\\Pipeline\\Pipeline->Illuminate\\Pipeline\\{closure}()
#16 /home/leang/Rupp/chat-cha-backend/vendor/laravel/framework/src/Illuminate/Foundation/Http/Middleware/ConvertEmptyStringsToNull.php(31): Illuminate\\Foundation\\Http\\Middleware\\TransformsRequest->handle()
#17 /home/leang/Rupp/chat-cha-backend/vendor/laravel/framework/src/Illuminate/Pipeline/Pipeline.php(167): Illuminate\\Foundation\\Http\\Middleware\\ConvertEmptyStringsToNull->handle()
#18 /home/leang/Rupp/chat-cha-backend/vendor/laravel/framework/src/Illuminate/Foundation/Http/Middleware/TransformsRequest.php(21): Illuminate\\Pipeline\\Pipeline->Illuminate\\Pipeline\\{closure}()
#19 /home/leang/Rupp/chat-cha-backend/vendor/laravel/framework/src/Illuminate/Foundation/Http/Middleware/TrimStrings.php(40): Illuminate\\Foundation\\Http\\Middleware\\TransformsRequest->handle()
#20 /home/leang/Rupp/chat-cha-backend/vendor/laravel/framework/src/Illuminate/Pipeline/Pipeline.php(167): Illuminate\\Foundation\\Http\\Middleware\\TrimStrings->handle()
#21 /home/leang/Rupp/chat-cha-backend/vendor/laravel/framework/src/Illuminate/Foundation/Http/Middleware/ValidatePostSize.php(27): Illuminate\\Pipeline\\Pipeline->Illuminate\\Pipeline\\{closure}()
#22 /home/leang/Rupp/chat-cha-backend/vendor/laravel/framework/src/Illuminate/Pipeline/Pipeline.php(167): Illuminate\\Foundation\\Http\\Middleware\\ValidatePostSize->handle()
#23 /home/leang/Rupp/chat-cha-backend/vendor/laravel/framework/src/Illuminate/Foundation/Http/Middleware/PreventRequestsDuringMaintenance.php(86): Illuminate\\Pipeline\\Pipeline->Illuminate\\Pipeline\\{closure}()
#24 /home/leang/Rupp/chat-cha-backend/vendor/laravel/framework/src/Illuminate/Pipeline/Pipeline.php(167): Illuminate\\Foundation\\Http\\Middleware\\PreventRequestsDuringMaintenance->handle()
#25 /home/leang/Rupp/chat-cha-backend/vendor/fruitcake/laravel-cors/src/HandleCors.php(52): Illuminate\\Pipeline\\Pipeline->Illuminate\\Pipeline\\{closure}()
#26 /home/leang/Rupp/chat-cha-backend/vendor/laravel/framework/src/Illuminate/Pipeline/Pipeline.php(167): Fruitcake\\Cors\\HandleCors->handle()
#27 /home/leang/Rupp/chat-cha-backend/vendor/fideloper/proxy/src/TrustProxies.php(57): Illuminate\\Pipeline\\Pipeline->Illuminate\\Pipeline\\{closure}()
#28 /home/leang/Rupp/chat-cha-backend/vendor/laravel/framework/src/Illuminate/Pipeline/Pipeline.php(167): Fideloper\\Proxy\\TrustProxies->handle()
#29 /home/leang/Rupp/chat-cha-backend/vendor/laravel/framework/src/Illuminate/Pipeline/Pipeline.php(103): Illuminate\\Pipeline\\Pipeline->Illuminate\\Pipeline\\{closure}()
#30 /home/leang/Rupp/chat-cha-backend/vendor/laravel/framework/src/Illuminate/Foundation/Http/Kernel.php(141): Illuminate\\Pipeline\\Pipeline->then()
#31 /home/leang/Rupp/chat-cha-backend/vendor/laravel/framework/src/Illuminate/Foundation/Http/Kernel.php(110): Illuminate\\Foundation\\Http\\Kernel->sendRequestThroughRouter()
#32 /home/leang/Rupp/chat-cha-backend/public/index.php(52): Illuminate\\Foundation\\Http\\Kernel->handle()
#33 /home/leang/Rupp/chat-cha-backend/server.php(21): require_once('...')
#34 {main}
"} 
[2021-07-19 19:04:54] local.ERROR: syntax error, unexpected token "/", expecting "]" {"exception":"[object] (ParseError(code: 0): syntax error, unexpected token \"/\", expecting \"]\" at /home/leang/Rupp/chat-cha-backend/vendor/laravel/sanctum/src/Http/Middleware/EnsureFrontendRequestsAreStateful.php:28)
[stacktrace]
#0 /home/leang/Rupp/chat-cha-backend/vendor/composer/ClassLoader.php(346): Composer\\Autoload\\includeFile()
#1 [internal function]: Composer\\Autoload\\ClassLoader->loadClass()
#2 /home/leang/Rupp/chat-cha-backend/vendor/laravel/framework/src/Illuminate/Container/Container.php(873): ReflectionClass->__construct()
#3 /home/leang/Rupp/chat-cha-backend/vendor/laravel/framework/src/Illuminate/Container/Container.php(754): Illuminate\\Container\\Container->build()
#4 /home/leang/Rupp/chat-cha-backend/vendor/laravel/framework/src/Illuminate/Foundation/Application.php(841): Illuminate\\Container\\Container->resolve()
#5 /home/leang/Rupp/chat-cha-backend/vendor/laravel/framework/src/Illuminate/Container/Container.php(692): Illuminate\\Foundation\\Application->resolve()
#6 /home/leang/Rupp/chat-cha-backend/vendor/laravel/framework/src/Illuminate/Foundation/Application.php(826): Illuminate\\Container\\Container->make()
#7 /home/leang/Rupp/chat-cha-backend/vendor/laravel/framework/src/Illuminate/Foundation/Http/Kernel.php(205): Illuminate\\Foundation\\Application->make()
#8 /home/leang/Rupp/chat-cha-backend/vendor/laravel/framework/src/Illuminate/Foundation/Http/Kernel.php(179): Illuminate\\Foundation\\Http\\Kernel->terminateMiddleware()
#9 /home/leang/Rupp/chat-cha-backend/public/index.php(55): Illuminate\\Foundation\\Http\\Kernel->terminate()
#10 /home/leang/Rupp/chat-cha-backend/server.php(21): require_once('...')
#11 {main}
"} 
[2021-07-19 19:04:55] local.ERROR: syntax error, unexpected token "/", expecting "]" {"exception":"[object] (ParseError(code: 0): syntax error, unexpected token \"/\", expecting \"]\" at /home/leang/Rupp/chat-cha-backend/vendor/laravel/sanctum/src/Http/Middleware/EnsureFrontendRequestsAreStateful.php:28)
[stacktrace]
#0 /home/leang/Rupp/chat-cha-backend/vendor/composer/ClassLoader.php(346): Composer\\Autoload\\includeFile()
#1 [internal function]: Composer\\Autoload\\ClassLoader->loadClass()
#2 /home/leang/Rupp/chat-cha-backend/vendor/laravel/framework/src/Illuminate/Container/Container.php(873): ReflectionClass->__construct()
#3 /home/leang/Rupp/chat-cha-backend/vendor/laravel/framework/src/Illuminate/Container/Container.php(754): Illuminate\\Container\\Container->build()
#4 /home/leang/Rupp/chat-cha-backend/vendor/laravel/framework/src/Illuminate/Foundation/Application.php(841): Illuminate\\Container\\Container->resolve()
#5 /home/leang/Rupp/chat-cha-backend/vendor/laravel/framework/src/Illuminate/Container/Container.php(692): Illuminate\\Foundation\\Application->resolve()
#6 /home/leang/Rupp/chat-cha-backend/vendor/laravel/framework/src/Illuminate/Foundation/Application.php(826): Illuminate\\Container\\Container->make()
#7 /home/leang/Rupp/chat-cha-backend/vendor/laravel/framework/src/Illuminate/Pipeline/Pipeline.php(156): Illuminate\\Foundation\\Application->make()
#8 /home/leang/Rupp/chat-cha-backend/vendor/laravel/framework/src/Illuminate/Pipeline/Pipeline.php(103): Illuminate\\Pipeline\\Pipeline->Illuminate\\Pipeline\\{closure}()
#9 /home/leang/Rupp/chat-cha-backend/vendor/laravel/framework/src/Illuminate/Routing/Router.php(697): Illuminate\\Pipeline\\Pipeline->then()
#10 /home/leang/Rupp/chat-cha-backend/vendor/laravel/framework/src/Illuminate/Routing/Router.php(672): Illuminate\\Routing\\Router->runRouteWithinStack()
#11 /home/leang/Rupp/chat-cha-backend/vendor/laravel/framework/src/Illuminate/Routing/Router.php(636): Illuminate\\Routing\\Router->runRoute()
#12 /home/leang/Rupp/chat-cha-backend/vendor/laravel/framework/src/Illuminate/Routing/Router.php(625): Illuminate\\Routing\\Router->dispatchToRoute()
#13 /home/leang/Rupp/chat-cha-backend/vendor/laravel/framework/src/Illuminate/Foundation/Http/Kernel.php(166): Illuminate\\Routing\\Router->dispatch()
#14 /home/leang/Rupp/chat-cha-backend/vendor/laravel/framework/src/Illuminate/Pipeline/Pipeline.php(128): Illuminate\\Foundation\\Http\\Kernel->Illuminate\\Foundation\\Http\\{closure}()
#15 /home/leang/Rupp/chat-cha-backend/vendor/laravel/framework/src/Illuminate/Foundation/Http/Middleware/TransformsRequest.php(21): Illuminate\\Pipeline\\Pipeline->Illuminate\\Pipeline\\{closure}()
#16 /home/leang/Rupp/chat-cha-backend/vendor/laravel/framework/src/Illuminate/Foundation/Http/Middleware/ConvertEmptyStringsToNull.php(31): Illuminate\\Foundation\\Http\\Middleware\\TransformsRequest->handle()
#17 /home/leang/Rupp/chat-cha-backend/vendor/laravel/framework/src/Illuminate/Pipeline/Pipeline.php(167): Illuminate\\Foundation\\Http\\Middleware\\ConvertEmptyStringsToNull->handle()
#18 /home/leang/Rupp/chat-cha-backend/vendor/laravel/framework/src/Illuminate/Foundation/Http/Middleware/TransformsRequest.php(21): Illuminate\\Pipeline\\Pipeline->Illuminate\\Pipeline\\{closure}()
#19 /home/leang/Rupp/chat-cha-backend/vendor/laravel/framework/src/Illuminate/Foundation/Http/Middleware/TrimStrings.php(40): Illuminate\\Foundation\\Http\\Middleware\\TransformsRequest->handle()
#20 /home/leang/Rupp/chat-cha-backend/vendor/laravel/framework/src/Illuminate/Pipeline/Pipeline.php(167): Illuminate\\Foundation\\Http\\Middleware\\TrimStrings->handle()
#21 /home/leang/Rupp/chat-cha-backend/vendor/laravel/framework/src/Illuminate/Foundation/Http/Middleware/ValidatePostSize.php(27): Illuminate\\Pipeline\\Pipeline->Illuminate\\Pipeline\\{closure}()
#22 /home/leang/Rupp/chat-cha-backend/vendor/laravel/framework/src/Illuminate/Pipeline/Pipeline.php(167): Illuminate\\Foundation\\Http\\Middleware\\ValidatePostSize->handle()
#23 /home/leang/Rupp/chat-cha-backend/vendor/laravel/framework/src/Illuminate/Foundation/Http/Middleware/PreventRequestsDuringMaintenance.php(86): Illuminate\\Pipeline\\Pipeline->Illuminate\\Pipeline\\{closure}()
#24 /home/leang/Rupp/chat-cha-backend/vendor/laravel/framework/src/Illuminate/Pipeline/Pipeline.php(167): Illuminate\\Foundation\\Http\\Middleware\\PreventRequestsDuringMaintenance->handle()
#25 /home/leang/Rupp/chat-cha-backend/vendor/fruitcake/laravel-cors/src/HandleCors.php(52): Illuminate\\Pipeline\\Pipeline->Illuminate\\Pipeline\\{closure}()
#26 /home/leang/Rupp/chat-cha-backend/vendor/laravel/framework/src/Illuminate/Pipeline/Pipeline.php(167): Fruitcake\\Cors\\HandleCors->handle()
#27 /home/leang/Rupp/chat-cha-backend/vendor/fideloper/proxy/src/TrustProxies.php(57): Illuminate\\Pipeline\\Pipeline->Illuminate\\Pipeline\\{closure}()
#28 /home/leang/Rupp/chat-cha-backend/vendor/laravel/framework/src/Illuminate/Pipeline/Pipeline.php(167): Fideloper\\Proxy\\TrustProxies->handle()
#29 /home/leang/Rupp/chat-cha-backend/vendor/laravel/framework/src/Illuminate/Pipeline/Pipeline.php(103): Illuminate\\Pipeline\\Pipeline->Illuminate\\Pipeline\\{closure}()
#30 /home/leang/Rupp/chat-cha-backend/vendor/laravel/framework/src/Illuminate/Foundation/Http/Kernel.php(141): Illuminate\\Pipeline\\Pipeline->then()
#31 /home/leang/Rupp/chat-cha-backend/vendor/laravel/framework/src/Illuminate/Foundation/Http/Kernel.php(110): Illuminate\\Foundation\\Http\\Kernel->sendRequestThroughRouter()
#32 /home/leang/Rupp/chat-cha-backend/public/index.php(52): Illuminate\\Foundation\\Http\\Kernel->handle()
#33 /home/leang/Rupp/chat-cha-backend/server.php(21): require_once('...')
#34 {main}
"} 
[2021-07-19 19:04:55] local.ERROR: syntax error, unexpected token "/", expecting "]" {"exception":"[object] (ParseError(code: 0): syntax error, unexpected token \"/\", expecting \"]\" at /home/leang/Rupp/chat-cha-backend/vendor/laravel/sanctum/src/Http/Middleware/EnsureFrontendRequestsAreStateful.php:28)
[stacktrace]
#0 /home/leang/Rupp/chat-cha-backend/vendor/composer/ClassLoader.php(346): Composer\\Autoload\\includeFile()
#1 [internal function]: Composer\\Autoload\\ClassLoader->loadClass()
#2 /home/leang/Rupp/chat-cha-backend/vendor/laravel/framework/src/Illuminate/Container/Container.php(873): ReflectionClass->__construct()
#3 /home/leang/Rupp/chat-cha-backend/vendor/laravel/framework/src/Illuminate/Container/Container.php(754): Illuminate\\Container\\Container->build()
#4 /home/leang/Rupp/chat-cha-backend/vendor/laravel/framework/src/Illuminate/Foundation/Application.php(841): Illuminate\\Container\\Container->resolve()
#5 /home/leang/Rupp/chat-cha-backend/vendor/laravel/framework/src/Illuminate/Container/Container.php(692): Illuminate\\Foundation\\Application->resolve()
#6 /home/leang/Rupp/chat-cha-backend/vendor/laravel/framework/src/Illuminate/Foundation/Application.php(826): Illuminate\\Container\\Container->make()
#7 /home/leang/Rupp/chat-cha-backend/vendor/laravel/framework/src/Illuminate/Foundation/Http/Kernel.php(205): Illuminate\\Foundation\\Application->make()
#8 /home/leang/Rupp/chat-cha-backend/vendor/laravel/framework/src/Illuminate/Foundation/Http/Kernel.php(179): Illuminate\\Foundation\\Http\\Kernel->terminateMiddleware()
#9 /home/leang/Rupp/chat-cha-backend/public/index.php(55): Illuminate\\Foundation\\Http\\Kernel->terminate()
#10 /home/leang/Rupp/chat-cha-backend/server.php(21): require_once('...')
#11 {main}
"} 
[2021-07-19 19:04:56] local.ERROR: syntax error, unexpected token "/", expecting "]" {"exception":"[object] (ParseError(code: 0): syntax error, unexpected token \"/\", expecting \"]\" at /home/leang/Rupp/chat-cha-backend/vendor/laravel/sanctum/src/Http/Middleware/EnsureFrontendRequestsAreStateful.php:28)
[stacktrace]
#0 /home/leang/Rupp/chat-cha-backend/vendor/composer/ClassLoader.php(346): Composer\\Autoload\\includeFile()
#1 [internal function]: Composer\\Autoload\\ClassLoader->loadClass()
#2 /home/leang/Rupp/chat-cha-backend/vendor/laravel/framework/src/Illuminate/Container/Container.php(873): ReflectionClass->__construct()
#3 /home/leang/Rupp/chat-cha-backend/vendor/laravel/framework/src/Illuminate/Container/Container.php(754): Illuminate\\Container\\Container->build()
#4 /home/leang/Rupp/chat-cha-backend/vendor/laravel/framework/src/Illuminate/Foundation/Application.php(841): Illuminate\\Container\\Container->resolve()
#5 /home/leang/Rupp/chat-cha-backend/vendor/laravel/framework/src/Illuminate/Container/Container.php(692): Illuminate\\Foundation\\Application->resolve()
#6 /home/leang/Rupp/chat-cha-backend/vendor/laravel/framework/src/Illuminate/Foundation/Application.php(826): Illuminate\\Container\\Container->make()
#7 /home/leang/Rupp/chat-cha-backend/vendor/laravel/framework/src/Illuminate/Pipeline/Pipeline.php(156): Illuminate\\Foundation\\Application->make()
#8 /home/leang/Rupp/chat-cha-backend/vendor/laravel/framework/src/Illuminate/Pipeline/Pipeline.php(103): Illuminate\\Pipeline\\Pipeline->Illuminate\\Pipeline\\{closure}()
#9 /home/leang/Rupp/chat-cha-backend/vendor/laravel/framework/src/Illuminate/Routing/Router.php(697): Illuminate\\Pipeline\\Pipeline->then()
#10 /home/leang/Rupp/chat-cha-backend/vendor/laravel/framework/src/Illuminate/Routing/Router.php(672): Illuminate\\Routing\\Router->runRouteWithinStack()
#11 /home/leang/Rupp/chat-cha-backend/vendor/laravel/framework/src/Illuminate/Routing/Router.php(636): Illuminate\\Routing\\Router->runRoute()
#12 /home/leang/Rupp/chat-cha-backend/vendor/laravel/framework/src/Illuminate/Routing/Router.php(625): Illuminate\\Routing\\Router->dispatchToRoute()
#13 /home/leang/Rupp/chat-cha-backend/vendor/laravel/framework/src/Illuminate/Foundation/Http/Kernel.php(166): Illuminate\\Routing\\Router->dispatch()
#14 /home/leang/Rupp/chat-cha-backend/vendor/laravel/framework/src/Illuminate/Pipeline/Pipeline.php(128): Illuminate\\Foundation\\Http\\Kernel->Illuminate\\Foundation\\Http\\{closure}()
#15 /home/leang/Rupp/chat-cha-backend/vendor/laravel/framework/src/Illuminate/Foundation/Http/Middleware/TransformsRequest.php(21): Illuminate\\Pipeline\\Pipeline->Illuminate\\Pipeline\\{closure}()
#16 /home/leang/Rupp/chat-cha-backend/vendor/laravel/framework/src/Illuminate/Foundation/Http/Middleware/ConvertEmptyStringsToNull.php(31): Illuminate\\Foundation\\Http\\Middleware\\TransformsRequest->handle()
#17 /home/leang/Rupp/chat-cha-backend/vendor/laravel/framework/src/Illuminate/Pipeline/Pipeline.php(167): Illuminate\\Foundation\\Http\\Middleware\\ConvertEmptyStringsToNull->handle()
#18 /home/leang/Rupp/chat-cha-backend/vendor/laravel/framework/src/Illuminate/Foundation/Http/Middleware/TransformsRequest.php(21): Illuminate\\Pipeline\\Pipeline->Illuminate\\Pipeline\\{closure}()
#19 /home/leang/Rupp/chat-cha-backend/vendor/laravel/framework/src/Illuminate/Foundation/Http/Middleware/TrimStrings.php(40): Illuminate\\Foundation\\Http\\Middleware\\TransformsRequest->handle()
#20 /home/leang/Rupp/chat-cha-backend/vendor/laravel/framework/src/Illuminate/Pipeline/Pipeline.php(167): Illuminate\\Foundation\\Http\\Middleware\\TrimStrings->handle()
#21 /home/leang/Rupp/chat-cha-backend/vendor/laravel/framework/src/Illuminate/Foundation/Http/Middleware/ValidatePostSize.php(27): Illuminate\\Pipeline\\Pipeline->Illuminate\\Pipeline\\{closure}()
#22 /home/leang/Rupp/chat-cha-backend/vendor/laravel/framework/src/Illuminate/Pipeline/Pipeline.php(167): Illuminate\\Foundation\\Http\\Middleware\\ValidatePostSize->handle()
#23 /home/leang/Rupp/chat-cha-backend/vendor/laravel/framework/src/Illuminate/Foundation/Http/Middleware/PreventRequestsDuringMaintenance.php(86): Illuminate\\Pipeline\\Pipeline->Illuminate\\Pipeline\\{closure}()
#24 /home/leang/Rupp/chat-cha-backend/vendor/laravel/framework/src/Illuminate/Pipeline/Pipeline.php(167): Illuminate\\Foundation\\Http\\Middleware\\PreventRequestsDuringMaintenance->handle()
#25 /home/leang/Rupp/chat-cha-backend/vendor/fruitcake/laravel-cors/src/HandleCors.php(52): Illuminate\\Pipeline\\Pipeline->Illuminate\\Pipeline\\{closure}()
#26 /home/leang/Rupp/chat-cha-backend/vendor/laravel/framework/src/Illuminate/Pipeline/Pipeline.php(167): Fruitcake\\Cors\\HandleCors->handle()
#27 /home/leang/Rupp/chat-cha-backend/vendor/fideloper/proxy/src/TrustProxies.php(57): Illuminate\\Pipeline\\Pipeline->Illuminate\\Pipeline\\{closure}()
#28 /home/leang/Rupp/chat-cha-backend/vendor/laravel/framework/src/Illuminate/Pipeline/Pipeline.php(167): Fideloper\\Proxy\\TrustProxies->handle()
#29 /home/leang/Rupp/chat-cha-backend/vendor/laravel/framework/src/Illuminate/Pipeline/Pipeline.php(103): Illuminate\\Pipeline\\Pipeline->Illuminate\\Pipeline\\{closure}()
#30 /home/leang/Rupp/chat-cha-backend/vendor/laravel/framework/src/Illuminate/Foundation/Http/Kernel.php(141): Illuminate\\Pipeline\\Pipeline->then()
#31 /home/leang/Rupp/chat-cha-backend/vendor/laravel/framework/src/Illuminate/Foundation/Http/Kernel.php(110): Illuminate\\Foundation\\Http\\Kernel->sendRequestThroughRouter()
#32 /home/leang/Rupp/chat-cha-backend/public/index.php(52): Illuminate\\Foundation\\Http\\Kernel->handle()
#33 /home/leang/Rupp/chat-cha-backend/server.php(21): require_once('...')
#34 {main}
"} 
[2021-07-19 19:04:56] local.ERROR: syntax error, unexpected token "/", expecting "]" {"exception":"[object] (ParseError(code: 0): syntax error, unexpected token \"/\", expecting \"]\" at /home/leang/Rupp/chat-cha-backend/vendor/laravel/sanctum/src/Http/Middleware/EnsureFrontendRequestsAreStateful.php:28)
[stacktrace]
#0 /home/leang/Rupp/chat-cha-backend/vendor/composer/ClassLoader.php(346): Composer\\Autoload\\includeFile()
#1 [internal function]: Composer\\Autoload\\ClassLoader->loadClass()
#2 /home/leang/Rupp/chat-cha-backend/vendor/laravel/framework/src/Illuminate/Container/Container.php(873): ReflectionClass->__construct()
#3 /home/leang/Rupp/chat-cha-backend/vendor/laravel/framework/src/Illuminate/Container/Container.php(754): Illuminate\\Container\\Container->build()
#4 /home/leang/Rupp/chat-cha-backend/vendor/laravel/framework/src/Illuminate/Foundation/Application.php(841): Illuminate\\Container\\Container->resolve()
#5 /home/leang/Rupp/chat-cha-backend/vendor/laravel/framework/src/Illuminate/Container/Container.php(692): Illuminate\\Foundation\\Application->resolve()
#6 /home/leang/Rupp/chat-cha-backend/vendor/laravel/framework/src/Illuminate/Foundation/Application.php(826): Illuminate\\Container\\Container->make()
#7 /home/leang/Rupp/chat-cha-backend/vendor/laravel/framework/src/Illuminate/Foundation/Http/Kernel.php(205): Illuminate\\Foundation\\Application->make()
#8 /home/leang/Rupp/chat-cha-backend/vendor/laravel/framework/src/Illuminate/Foundation/Http/Kernel.php(179): Illuminate\\Foundation\\Http\\Kernel->terminateMiddleware()
#9 /home/leang/Rupp/chat-cha-backend/public/index.php(55): Illuminate\\Foundation\\Http\\Kernel->terminate()
#10 /home/leang/Rupp/chat-cha-backend/server.php(21): require_once('...')
#11 {main}
"} 
[2021-07-19 19:05:00] local.ERROR: syntax error, unexpected token "/", expecting "]" {"exception":"[object] (ParseError(code: 0): syntax error, unexpected token \"/\", expecting \"]\" at /home/leang/Rupp/chat-cha-backend/vendor/laravel/sanctum/src/Http/Middleware/EnsureFrontendRequestsAreStateful.php:28)
[stacktrace]
#0 /home/leang/Rupp/chat-cha-backend/vendor/composer/ClassLoader.php(346): Composer\\Autoload\\includeFile()
#1 [internal function]: Composer\\Autoload\\ClassLoader->loadClass()
#2 /home/leang/Rupp/chat-cha-backend/vendor/laravel/framework/src/Illuminate/Container/Container.php(873): ReflectionClass->__construct()
#3 /home/leang/Rupp/chat-cha-backend/vendor/laravel/framework/src/Illuminate/Container/Container.php(754): Illuminate\\Container\\Container->build()
#4 /home/leang/Rupp/chat-cha-backend/vendor/laravel/framework/src/Illuminate/Foundation/Application.php(841): Illuminate\\Container\\Container->resolve()
#5 /home/leang/Rupp/chat-cha-backend/vendor/laravel/framework/src/Illuminate/Container/Container.php(692): Illuminate\\Foundation\\Application->resolve()
#6 /home/leang/Rupp/chat-cha-backend/vendor/laravel/framework/src/Illuminate/Foundation/Application.php(826): Illuminate\\Container\\Container->make()
#7 /home/leang/Rupp/chat-cha-backend/vendor/laravel/framework/src/Illuminate/Pipeline/Pipeline.php(156): Illuminate\\Foundation\\Application->make()
#8 /home/leang/Rupp/chat-cha-backend/vendor/laravel/framework/src/Illuminate/Pipeline/Pipeline.php(103): Illuminate\\Pipeline\\Pipeline->Illuminate\\Pipeline\\{closure}()
#9 /home/leang/Rupp/chat-cha-backend/vendor/laravel/framework/src/Illuminate/Routing/Router.php(697): Illuminate\\Pipeline\\Pipeline->then()
#10 /home/leang/Rupp/chat-cha-backend/vendor/laravel/framework/src/Illuminate/Routing/Router.php(672): Illuminate\\Routing\\Router->runRouteWithinStack()
#11 /home/leang/Rupp/chat-cha-backend/vendor/laravel/framework/src/Illuminate/Routing/Router.php(636): Illuminate\\Routing\\Router->runRoute()
#12 /home/leang/Rupp/chat-cha-backend/vendor/laravel/framework/src/Illuminate/Routing/Router.php(625): Illuminate\\Routing\\Router->dispatchToRoute()
#13 /home/leang/Rupp/chat-cha-backend/vendor/laravel/framework/src/Illuminate/Foundation/Http/Kernel.php(166): Illuminate\\Routing\\Router->dispatch()
#14 /home/leang/Rupp/chat-cha-backend/vendor/laravel/framework/src/Illuminate/Pipeline/Pipeline.php(128): Illuminate\\Foundation\\Http\\Kernel->Illuminate\\Foundation\\Http\\{closure}()
#15 /home/leang/Rupp/chat-cha-backend/vendor/laravel/framework/src/Illuminate/Foundation/Http/Middleware/TransformsRequest.php(21): Illuminate\\Pipeline\\Pipeline->Illuminate\\Pipeline\\{closure}()
#16 /home/leang/Rupp/chat-cha-backend/vendor/laravel/framework/src/Illuminate/Foundation/Http/Middleware/ConvertEmptyStringsToNull.php(31): Illuminate\\Foundation\\Http\\Middleware\\TransformsRequest->handle()
#17 /home/leang/Rupp/chat-cha-backend/vendor/laravel/framework/src/Illuminate/Pipeline/Pipeline.php(167): Illuminate\\Foundation\\Http\\Middleware\\ConvertEmptyStringsToNull->handle()
#18 /home/leang/Rupp/chat-cha-backend/vendor/laravel/framework/src/Illuminate/Foundation/Http/Middleware/TransformsRequest.php(21): Illuminate\\Pipeline\\Pipeline->Illuminate\\Pipeline\\{closure}()
#19 /home/leang/Rupp/chat-cha-backend/vendor/laravel/framework/src/Illuminate/Foundation/Http/Middleware/TrimStrings.php(40): Illuminate\\Foundation\\Http\\Middleware\\TransformsRequest->handle()
#20 /home/leang/Rupp/chat-cha-backend/vendor/laravel/framework/src/Illuminate/Pipeline/Pipeline.php(167): Illuminate\\Foundation\\Http\\Middleware\\TrimStrings->handle()
#21 /home/leang/Rupp/chat-cha-backend/vendor/laravel/framework/src/Illuminate/Foundation/Http/Middleware/ValidatePostSize.php(27): Illuminate\\Pipeline\\Pipeline->Illuminate\\Pipeline\\{closure}()
#22 /home/leang/Rupp/chat-cha-backend/vendor/laravel/framework/src/Illuminate/Pipeline/Pipeline.php(167): Illuminate\\Foundation\\Http\\Middleware\\ValidatePostSize->handle()
#23 /home/leang/Rupp/chat-cha-backend/vendor/laravel/framework/src/Illuminate/Foundation/Http/Middleware/PreventRequestsDuringMaintenance.php(86): Illuminate\\Pipeline\\Pipeline->Illuminate\\Pipeline\\{closure}()
#24 /home/leang/Rupp/chat-cha-backend/vendor/laravel/framework/src/Illuminate/Pipeline/Pipeline.php(167): Illuminate\\Foundation\\Http\\Middleware\\PreventRequestsDuringMaintenance->handle()
#25 /home/leang/Rupp/chat-cha-backend/vendor/fruitcake/laravel-cors/src/HandleCors.php(52): Illuminate\\Pipeline\\Pipeline->Illuminate\\Pipeline\\{closure}()
#26 /home/leang/Rupp/chat-cha-backend/vendor/laravel/framework/src/Illuminate/Pipeline/Pipeline.php(167): Fruitcake\\Cors\\HandleCors->handle()
#27 /home/leang/Rupp/chat-cha-backend/vendor/fideloper/proxy/src/TrustProxies.php(57): Illuminate\\Pipeline\\Pipeline->Illuminate\\Pipeline\\{closure}()
#28 /home/leang/Rupp/chat-cha-backend/vendor/laravel/framework/src/Illuminate/Pipeline/Pipeline.php(167): Fideloper\\Proxy\\TrustProxies->handle()
#29 /home/leang/Rupp/chat-cha-backend/vendor/laravel/framework/src/Illuminate/Pipeline/Pipeline.php(103): Illuminate\\Pipeline\\Pipeline->Illuminate\\Pipeline\\{closure}()
#30 /home/leang/Rupp/chat-cha-backend/vendor/laravel/framework/src/Illuminate/Foundation/Http/Kernel.php(141): Illuminate\\Pipeline\\Pipeline->then()
#31 /home/leang/Rupp/chat-cha-backend/vendor/laravel/framework/src/Illuminate/Foundation/Http/Kernel.php(110): Illuminate\\Foundation\\Http\\Kernel->sendRequestThroughRouter()
#32 /home/leang/Rupp/chat-cha-backend/public/index.php(52): Illuminate\\Foundation\\Http\\Kernel->handle()
#33 /home/leang/Rupp/chat-cha-backend/server.php(21): require_once('...')
#34 {main}
"} 
[2021-07-19 19:05:00] local.ERROR: syntax error, unexpected token "/", expecting "]" {"exception":"[object] (ParseError(code: 0): syntax error, unexpected token \"/\", expecting \"]\" at /home/leang/Rupp/chat-cha-backend/vendor/laravel/sanctum/src/Http/Middleware/EnsureFrontendRequestsAreStateful.php:28)
[stacktrace]
#0 /home/leang/Rupp/chat-cha-backend/vendor/composer/ClassLoader.php(346): Composer\\Autoload\\includeFile()
#1 [internal function]: Composer\\Autoload\\ClassLoader->loadClass()
#2 /home/leang/Rupp/chat-cha-backend/vendor/laravel/framework/src/Illuminate/Container/Container.php(873): ReflectionClass->__construct()
#3 /home/leang/Rupp/chat-cha-backend/vendor/laravel/framework/src/Illuminate/Container/Container.php(754): Illuminate\\Container\\Container->build()
#4 /home/leang/Rupp/chat-cha-backend/vendor/laravel/framework/src/Illuminate/Foundation/Application.php(841): Illuminate\\Container\\Container->resolve()
#5 /home/leang/Rupp/chat-cha-backend/vendor/laravel/framework/src/Illuminate/Container/Container.php(692): Illuminate\\Foundation\\Application->resolve()
#6 /home/leang/Rupp/chat-cha-backend/vendor/laravel/framework/src/Illuminate/Foundation/Application.php(826): Illuminate\\Container\\Container->make()
#7 /home/leang/Rupp/chat-cha-backend/vendor/laravel/framework/src/Illuminate/Foundation/Http/Kernel.php(205): Illuminate\\Foundation\\Application->make()
#8 /home/leang/Rupp/chat-cha-backend/vendor/laravel/framework/src/Illuminate/Foundation/Http/Kernel.php(179): Illuminate\\Foundation\\Http\\Kernel->terminateMiddleware()
#9 /home/leang/Rupp/chat-cha-backend/public/index.php(55): Illuminate\\Foundation\\Http\\Kernel->terminate()
#10 /home/leang/Rupp/chat-cha-backend/server.php(21): require_once('...')
#11 {main}
"} 
[2021-07-20 08:20:45] local.ERROR: Call to undefined function App\Http\Controllers\notNullValue() {"userId":33,"exception":"[object] (Error(code: 0): Call to undefined function App\\Http\\Controllers\
otNullValue() at /home/leang/Rupp/chat-cha-backend/app/Http/Controllers/MessageController.php:57)
[stacktrace]
#0 /home/leang/Rupp/chat-cha-backend/vendor/laravel/framework/src/Illuminate/Routing/Controller.php(54): App\\Http\\Controllers\\MessageController->getMassage()
#1 /home/leang/Rupp/chat-cha-backend/vendor/laravel/framework/src/Illuminate/Routing/ControllerDispatcher.php(45): Illuminate\\Routing\\Controller->callAction()
#2 /home/leang/Rupp/chat-cha-backend/vendor/laravel/framework/src/Illuminate/Routing/Route.php(254): Illuminate\\Routing\\ControllerDispatcher->dispatch()
#3 /home/leang/Rupp/chat-cha-backend/vendor/laravel/framework/src/Illuminate/Routing/Route.php(197): Illuminate\\Routing\\Route->runController()
#4 /home/leang/Rupp/chat-cha-backend/vendor/laravel/framework/src/Illuminate/Routing/Router.php(695): Illuminate\\Routing\\Route->run()
#5 /home/leang/Rupp/chat-cha-backend/vendor/laravel/framework/src/Illuminate/Pipeline/Pipeline.php(128): Illuminate\\Routing\\Router->Illuminate\\Routing\\{closure}()
#6 /home/leang/Rupp/chat-cha-backend/vendor/laravel/framework/src/Illuminate/Routing/Middleware/SubstituteBindings.php(50): Illuminate\\Pipeline\\Pipeline->Illuminate\\Pipeline\\{closure}()
#7 /home/leang/Rupp/chat-cha-backend/vendor/laravel/framework/src/Illuminate/Pipeline/Pipeline.php(167): Illuminate\\Routing\\Middleware\\SubstituteBindings->handle()
#8 /home/leang/Rupp/chat-cha-backend/vendor/laravel/framework/src/Illuminate/Routing/Middleware/ThrottleRequests.php(127): Illuminate\\Pipeline\\Pipeline->Illuminate\\Pipeline\\{closure}()
#9 /home/leang/Rupp/chat-cha-backend/vendor/laravel/framework/src/Illuminate/Routing/Middleware/ThrottleRequests.php(103): Illuminate\\Routing\\Middleware\\ThrottleRequests->handleRequest()
#10 /home/leang/Rupp/chat-cha-backend/vendor/laravel/framework/src/Illuminate/Routing/Middleware/ThrottleRequests.php(55): Illuminate\\Routing\\Middleware\\ThrottleRequests->handleRequestUsingNamedLimiter()
#11 /home/leang/Rupp/chat-cha-backend/vendor/laravel/framework/src/Illuminate/Pipeline/Pipeline.php(167): Illuminate\\Routing\\Middleware\\ThrottleRequests->handle()
#12 /home/leang/Rupp/chat-cha-backend/vendor/laravel/framework/src/Illuminate/Auth/Middleware/Authenticate.php(44): Illuminate\\Pipeline\\Pipeline->Illuminate\\Pipeline\\{closure}()
#13 /home/leang/Rupp/chat-cha-backend/vendor/laravel/framework/src/Illuminate/Pipeline/Pipeline.php(167): Illuminate\\Auth\\Middleware\\Authenticate->handle()
#14 /home/leang/Rupp/chat-cha-backend/vendor/laravel/sanctum/src/Http/Middleware/EnsureFrontendRequestsAreStateful.php(33): Illuminate\\Pipeline\\Pipeline->Illuminate\\Pipeline\\{closure}()
#15 /home/leang/Rupp/chat-cha-backend/vendor/laravel/framework/src/Illuminate/Pipeline/Pipeline.php(128): Laravel\\Sanctum\\Http\\Middleware\\EnsureFrontendRequestsAreStateful->Laravel\\Sanctum\\Http\\Middleware\\{closure}()
#16 /home/leang/Rupp/chat-cha-backend/vendor/laravel/framework/src/Illuminate/Pipeline/Pipeline.php(103): Illuminate\\Pipeline\\Pipeline->Illuminate\\Pipeline\\{closure}()
#17 /home/leang/Rupp/chat-cha-backend/vendor/laravel/sanctum/src/Http/Middleware/EnsureFrontendRequestsAreStateful.php(34): Illuminate\\Pipeline\\Pipeline->then()
#18 /home/leang/Rupp/chat-cha-backend/vendor/laravel/framework/src/Illuminate/Pipeline/Pipeline.php(167): Laravel\\Sanctum\\Http\\Middleware\\EnsureFrontendRequestsAreStateful->handle()
#19 /home/leang/Rupp/chat-cha-backend/vendor/laravel/framework/src/Illuminate/Pipeline/Pipeline.php(103): Illuminate\\Pipeline\\Pipeline->Illuminate\\Pipeline\\{closure}()
#20 /home/leang/Rupp/chat-cha-backend/vendor/laravel/framework/src/Illuminate/Routing/Router.php(697): Illuminate\\Pipeline\\Pipeline->then()
#21 /home/leang/Rupp/chat-cha-backend/vendor/laravel/framework/src/Illuminate/Routing/Router.php(672): Illuminate\\Routing\\Router->runRouteWithinStack()
#22 /home/leang/Rupp/chat-cha-backend/vendor/laravel/framework/src/Illuminate/Routing/Router.php(636): Illuminate\\Routing\\Router->runRoute()
#23 /home/leang/Rupp/chat-cha-backend/vendor/laravel/framework/src/Illuminate/Routing/Router.php(625): Illuminate\\Routing\\Router->dispatchToRoute()
#24 /home/leang/Rupp/chat-cha-backend/vendor/laravel/framework/src/Illuminate/Foundation/Http/Kernel.php(166): Illuminate\\Routing\\Router->dispatch()
#25 /home/leang/Rupp/chat-cha-backend/vendor/laravel/framework/src/Illuminate/Pipeline/Pipeline.php(128): Illuminate\\Foundation\\Http\\Kernel->Illuminate\\Foundation\\Http\\{closure}()
#26 /home/leang/Rupp/chat-cha-backend/vendor/laravel/framework/src/Illuminate/Foundation/Http/Middleware/TransformsRequest.php(21): Illuminate\\Pipeline\\Pipeline->Illuminate\\Pipeline\\{closure}()
#27 /home/leang/Rupp/chat-cha-backend/vendor/laravel/framework/src/Illuminate/Foundation/Http/Middleware/ConvertEmptyStringsToNull.php(31): Illuminate\\Foundation\\Http\\Middleware\\TransformsRequest->handle()
#28 /home/leang/Rupp/chat-cha-backend/vendor/laravel/framework/src/Illuminate/Pipeline/Pipeline.php(167): Illuminate\\Foundation\\Http\\Middleware\\ConvertEmptyStringsToNull->handle()
#29 /home/leang/Rupp/chat-cha-backend/vendor/laravel/framework/src/Illuminate/Foundation/Http/Middleware/TransformsRequest.php(21): Illuminate\\Pipeline\\Pipeline->Illuminate\\Pipeline\\{closure}()
#30 /home/leang/Rupp/chat-cha-backend/vendor/laravel/framework/src/Illuminate/Foundation/Http/Middleware/TrimStrings.php(40): Illuminate\\Foundation\\Http\\Middleware\\TransformsRequest->handle()
#31 /home/leang/Rupp/chat-cha-backend/vendor/laravel/framework/src/Illuminate/Pipeline/Pipeline.php(167): Illuminate\\Foundation\\Http\\Middleware\\TrimStrings->handle()
#32 /home/leang/Rupp/chat-cha-backend/vendor/laravel/framework/src/Illuminate/Foundation/Http/Middleware/ValidatePostSize.php(27): Illuminate\\Pipeline\\Pipeline->Illuminate\\Pipeline\\{closure}()
#33 /home/leang/Rupp/chat-cha-backend/vendor/laravel/framework/src/Illuminate/Pipeline/Pipeline.php(167): Illuminate\\Foundation\\Http\\Middleware\\ValidatePostSize->handle()
#34 /home/leang/Rupp/chat-cha-backend/vendor/laravel/framework/src/Illuminate/Foundation/Http/Middleware/PreventRequestsDuringMaintenance.php(86): Illuminate\\Pipeline\\Pipeline->Illuminate\\Pipeline\\{closure}()
#35 /home/leang/Rupp/chat-cha-backend/vendor/laravel/framework/src/Illuminate/Pipeline/Pipeline.php(167): Illuminate\\Foundation\\Http\\Middleware\\PreventRequestsDuringMaintenance->handle()
#36 /home/leang/Rupp/chat-cha-backend/vendor/fruitcake/laravel-cors/src/HandleCors.php(52): Illuminate\\Pipeline\\Pipeline->Illuminate\\Pipeline\\{closure}()
#37 /home/leang/Rupp/chat-cha-backend/vendor/laravel/framework/src/Illuminate/Pipeline/Pipeline.php(167): Fruitcake\\Cors\\HandleCors->handle()
#38 /home/leang/Rupp/chat-cha-backend/vendor/fideloper/proxy/src/TrustProxies.php(57): Illuminate\\Pipeline\\Pipeline->Illuminate\\Pipeline\\{closure}()
#39 /home/leang/Rupp/chat-cha-backend/vendor/laravel/framework/src/Illuminate/Pipeline/Pipeline.php(167): Fideloper\\Proxy\\TrustProxies->handle()
#40 /home/leang/Rupp/chat-cha-backend/vendor/laravel/framework/src/Illuminate/Pipeline/Pipeline.php(103): Illuminate\\Pipeline\\Pipeline->Illuminate\\Pipeline\\{closure}()
#41 /home/leang/Rupp/chat-cha-backend/vendor/laravel/framework/src/Illuminate/Foundation/Http/Kernel.php(141): Illuminate\\Pipeline\\Pipeline->then()
#42 /home/leang/Rupp/chat-cha-backend/vendor/laravel/framework/src/Illuminate/Foundation/Http/Kernel.php(110): Illuminate\\Foundation\\Http\\Kernel->sendRequestThroughRouter()
#43 /home/leang/Rupp/chat-cha-backend/public/index.php(52): Illuminate\\Foundation\\Http\\Kernel->handle()
#44 /home/leang/Rupp/chat-cha-backend/server.php(21): require_once('...')
#45 {main}
"} 
